\BOOKMARK [1][-]{section.1}{Introduction}{}% 1
\BOOKMARK [1][-]{section.2}{Related Work}{}% 2
\BOOKMARK [1][-]{section.3}{Problem Background and Definition}{}% 3
\BOOKMARK [2][-]{subsection.3.1}{Reinforcement Learning}{section.3}% 4
\BOOKMARK [2][-]{subsection.3.2}{Q-Learning and Deep Q-Learning}{section.3}% 5
\BOOKMARK [1][-]{section.4}{Methods}{}% 6
\BOOKMARK [2][-]{subsection.4.1}{Agent}{section.4}% 7
\BOOKMARK [2][-]{subsection.4.2}{Environment}{section.4}% 8
\BOOKMARK [2][-]{subsection.4.3}{State Representation}{section.4}% 9
\BOOKMARK [2][-]{subsection.4.4}{Action Set}{section.4}% 10
\BOOKMARK [1][-]{section.5}{Reward Functions}{}% 11
\BOOKMARK [2][-]{subsection.5.1}{Queue Length based Rewards}{section.5}% 12
\BOOKMARK [3][-]{subsubsection.5.1.1}{Queue Length}{subsection.5.1}% 13
\BOOKMARK [3][-]{subsubsection.5.1.2}{Queue Squared}{subsection.5.1}% 14
\BOOKMARK [3][-]{subsubsection.5.1.3}{Delta Queue}{subsection.5.1}% 15
\BOOKMARK [2][-]{subsection.5.2}{Waiting Time based Rewards}{section.5}% 16
\BOOKMARK [3][-]{subsubsection.5.2.1}{Wait Time}{subsection.5.2}% 17
\BOOKMARK [3][-]{subsubsection.5.2.2}{Delta Wait Time}{subsection.5.2}% 18
\BOOKMARK [3][-]{subsubsection.5.2.3}{Waiting Time Adjusted by Demand}{subsection.5.2}% 19
\BOOKMARK [2][-]{subsection.5.3}{Time Lost based Rewards}{section.5}% 20
\BOOKMARK [3][-]{subsubsection.5.3.1}{Time Lost}{subsection.5.3}% 21
\BOOKMARK [3][-]{subsubsection.5.3.2}{Delta Time Lost}{subsection.5.3}% 22
\BOOKMARK [3][-]{subsubsection.5.3.3}{Delay Adjusted by Demand}{subsection.5.3}% 23
\BOOKMARK [2][-]{subsection.5.4}{Average Speed based Rewards}{section.5}% 24
\BOOKMARK [3][-]{subsubsection.5.4.1}{Average Speed}{subsection.5.4}% 25
\BOOKMARK [3][-]{subsubsection.5.4.2}{Average Speed Adjusted by Demand}{subsection.5.4}% 26
\BOOKMARK [2][-]{subsection.5.5}{Throughput based Rewards}{section.5}% 27
\BOOKMARK [3][-]{subsubsection.5.5.1}{Throughput}{subsection.5.5}% 28
\BOOKMARK [3][-]{subsubsection.5.5.2}{Other reward functions}{subsection.5.5}% 29
\BOOKMARK [1][-]{section.6}{Experimental Setup}{}% 30
\BOOKMARK [2][-]{subsection.6.1}{Training Process}{section.6}% 31
\BOOKMARK [2][-]{subsection.6.2}{Evaluation and Scoring}{section.6}% 32
\BOOKMARK [1][-]{section.7}{Results}{}% 33
\BOOKMARK [1][-]{section.8}{Discussion and Conclusion}{}% 34
\BOOKMARK [1][-]{section*.2}{References}{}% 35
